1571018562907	mozrunner::runner	INFO	Running command: "/Applications/Firefox.app/Contents/MacOS/firefox-bin" "-marionette" "-foreground" "-no-remote" "-profile" "/var/folders/3g/v68mnd5s5r79tn77mmv2x4_w0000gp/T/rust_mozprofile.N7dYqfQwWYdA"
1571018567961	addons.webextension.screenshots@mozilla.org	WARN	Loading extension 'screenshots@mozilla.org': Reading manifest: Invalid extension permission: mozillaAddons
1571018567961	addons.webextension.screenshots@mozilla.org	WARN	Loading extension 'screenshots@mozilla.org': Reading manifest: Invalid extension permission: telemetry
1571018567962	addons.webextension.screenshots@mozilla.org	WARN	Loading extension 'screenshots@mozilla.org': Reading manifest: Invalid extension permission: resource://pdf.js/
1571018567962	addons.webextension.screenshots@mozilla.org	WARN	Loading extension 'screenshots@mozilla.org': Reading manifest: Invalid extension permission: about:reader*
1571018571647	Marionette	INFO	Listening on port 49645
1571018571672	Marionette	WARN	TLS certificate errors will be ignored for this session
[Child 17800, Chrome_ChildThread] WARNING: pipe error: Broken pipe: file /builds/worker/workspace/build/src/ipc/chromium/src/chrome/common/ipc_channel_posix.cc, line 728
[Child 17800, Chrome_ChildThread] WARNING: pipe error: Broken pipe: file /builds/worker/workspace/build/src/ipc/chromium/src/chrome/common/ipc_channel_posix.cc, line 728
[Child 17800, Chrome_ChildThread] WARNING: pipe error: Broken pipe: file /builds/worker/workspace/build/src/ipc/chromium/src/chrome/common/ipc_channel_posix.cc, line 728
[Child 17800, Chrome_ChildThread] WARNING: pipe error: Broken pipe: file /builds/worker/workspace/build/src/ipc/chromium/src/chrome/common/ipc_channel_posix.cc, line 728
[Child 17800, Chrome_ChildThread] WARNING: pipe error: Broken pipe: file /builds/worker/workspace/build/src/ipc/chromium/src/chrome/common/ipc_channel_posix.cc, line 728
[Child 17800, Chrome_ChildThread] WARNING: pipe error: Broken pipe: file /builds/worker/workspace/build/src/ipc/chromium/src/chrome/common/ipc_channel_posix.cc, line 728
[Child 17800, Chrome_ChildThread] WARNING: pipe error: Broken pipe: file /builds/worker/workspace/build/src/ipc/chromium/src/chrome/common/ipc_channel_posix.cc, line 728
[Child 17800, Chrome_ChildThread] WARNING: pipe error: Broken pipe: file /builds/worker/workspace/build/src/ipc/chromium/src/chrome/common/ipc_channel_posix.cc, line 728
[Child 17800, Chrome_ChildThread] WARNING: pipe error: Broken pipe: file /builds/worker/workspace/build/src/ipc/chromium/src/chrome/common/ipc_channel_posix.cc, line 728
[Child 17800, Chrome_ChildThread] WARNING: pipe error: Broken pipe: file /builds/worker/workspace/build/src/ipc/chromium/src/chrome/common/ipc_channel_posix.cc, line 728
[Child 17800, Chrome_ChildThread] WARNING: pipe error: Broken pipe: file /builds/worker/workspace/build/src/ipc/chromium/src/chrome/common/ipc_channel_posix.cc, line 728
[Child 17800, Chrome_ChildThread] WARNING: pipe error: Broken pipe: file /builds/worker/workspace/build/src/ipc/chromium/src/chrome/common/ipc_channel_posix.cc, line 728
1571022518602	Marionette	INFO	Stopped listening on port 49645
1571278804803	mozrunner::runner	INFO	Running command: "/Applications/Firefox.app/Contents/MacOS/firefox-bin" "-marionette" "-foreground" "-no-remote" "-profile" "/var/folders/3g/v68mnd5s5r79tn77mmv2x4_w0000gp/T/rust_mozprofile.mleJceknxMWc"
1571278807732	addons.webextension.screenshots@mozilla.org	WARN	Loading extension 'screenshots@mozilla.org': Reading manifest: Invalid extension permission: mozillaAddons
1571278807732	addons.webextension.screenshots@mozilla.org	WARN	Loading extension 'screenshots@mozilla.org': Reading manifest: Invalid extension permission: telemetry
1571278807733	addons.webextension.screenshots@mozilla.org	WARN	Loading extension 'screenshots@mozilla.org': Reading manifest: Invalid extension permission: resource://pdf.js/
1571278807733	addons.webextension.screenshots@mozilla.org	WARN	Loading extension 'screenshots@mozilla.org': Reading manifest: Invalid extension permission: about:reader*
JavaScript error: resource:///modules/sessionstore/SessionStore.jsm, line 1351: uncaught exception: 2147746065
1571278812160	Marionette	INFO	Listening on port 63009
1571278812175	Marionette	WARN	TLS certificate errors will be ignored for this session
JavaScript warning: https://www.icicibank.com/assets/js/lib/nli-index-library.min.js, line 2: Using //@ to indicate sourceMappingURL pragmas is deprecated. Use //# instead
JavaScript error: https://www.icicibank.com/assets/js/main.js, line 32: ReferenceError: Notification is not defined
JavaScript error: https://www.icicibank.com/assets/js/offer-json.js, line 57: TypeError: cookieVal is undefined
JavaScript warning: https://www.icicibank.com/assets/js/lib/jquery.min.js, line 2: Using //@ to indicate sourceMappingURL pragmas is deprecated. Use //# instead
JavaScript error: https://www.googletagmanager.com/gtm.js?id=GTM-KLMZWF line 3 > eval, line 1: TypeError: a[b] is undefined
JavaScript error: https://www.googletagmanager.com/gtm.js?id=GTM-KLMZWF line 3 > eval, line 1: TypeError: a[b] is undefined
JavaScript warning: https://infinity.icicibank.com/corp/scripts/adaptiveauthentication/arcot/PluginDetect.js, line 1: unreachable code after return statement
JavaScript warning: https://infinity.icicibank.com/corp/scripts/adaptiveauthentication/arcot/PluginDetect.js, line 1: unreachable code after return statement
JavaScript warning: https://infinity.icicibank.com/corp/scripts/adaptiveauthentication/arcot/PluginDetect.js, line 1: unreachable code after return statement
JavaScript error: https://infinity.icicibank.com/corp/scripts/adaptiveauthentication/arcot/ca-aid-download.js, line 8: ReferenceError: ArcotClient is not defined
JavaScript warning: https://infinity.icicibank.com/corp/scripts/adaptiveauthentication/arcot/m_js/devicedna/riskminder-client.js, line 93: unreachable code after return statement
JavaScript warning: https://infinity.icicibank.com/corp/scripts/adaptiveauthentication/arcot/m_js/devicedna/riskminder-client.js, line 103: unreachable code after return statement
JavaScript warning: https://infinity.icicibank.com/corp/scripts/adaptiveauthentication/arcot/m_js/devicedna/riskminder-client.js, line 170: unreachable code after return statement
JavaScript error: https://infinity.icicibank.com/corp/AuthenticationController?FORMSGROUP_ID__=AuthenticationFG&__START_TRAN_FLAG__=Y&FG_BUTTONS__=LOAD&ACTION.LOAD=Y&AuthenticationFG.LOGIN_FLAG=1&BANK_ID=ICI&ITM=nli_personalb_personal_login_btn&_ga=2.94987483.630207600.1571278815-940129522.1571278815, line 4075: ReferenceError: RedrawAllTrees is not defined
1571278932555	mozrunner::runner	INFO	Running command: "/Applications/Firefox.app/Contents/MacOS/firefox-bin" "-marionette" "-private" "-foreground" "-no-remote" "-profile" "/var/folders/3g/v68mnd5s5r79tn77mmv2x4_w0000gp/T/rust_mozprofile.YQbnPAQb4Fcx"
1571278933615	addons.webextension.screenshots@mozilla.org	WARN	Loading extension 'screenshots@mozilla.org': Reading manifest: Invalid extension permission: mozillaAddons
1571278933615	addons.webextension.screenshots@mozilla.org	WARN	Loading extension 'screenshots@mozilla.org': Reading manifest: Invalid extension permission: telemetry
1571278933615	addons.webextension.screenshots@mozilla.org	WARN	Loading extension 'screenshots@mozilla.org': Reading manifest: Invalid extension permission: resource://pdf.js/
1571278933615	addons.webextension.screenshots@mozilla.org	WARN	Loading extension 'screenshots@mozilla.org': Reading manifest: Invalid extension permission: about:reader*
JavaScript error: chrome://browser/content/aboutPrivateBrowsing.js, line 8: ReferenceError: RPMIsWindowPrivate is not defined
JavaScript error: resource:///modules/sessionstore/SessionStore.jsm, line 1351: uncaught exception: 2147746065
1571278938006	Marionette	INFO	Listening on port 64073
1571278938022	Marionette	WARN	TLS certificate errors will be ignored for this session
JavaScript warning: https://www.icicibank.com/assets/js/lib/nli-index-library.min.js, line 2: Using //@ to indicate sourceMappingURL pragmas is deprecated. Use //# instead
JavaScript error: https://www.icicibank.com/assets/js/main.js, line 32: ReferenceError: Notification is not defined
JavaScript error: https://www.icicibank.com/assets/js/offer-json.js, line 57: TypeError: cookieVal is undefined
JavaScript warning: https://infinity.icicibank.com/corp/scripts/adaptiveauthentication/arcot/PluginDetect.js, line 1: unreachable code after return statement
JavaScript warning: https://infinity.icicibank.com/corp/scripts/adaptiveauthentication/arcot/PluginDetect.js, line 1: unreachable code after return statement
JavaScript warning: https://infinity.icicibank.com/corp/scripts/adaptiveauthentication/arcot/PluginDetect.js, line 1: unreachable code after return statement
JavaScript error: https://infinity.icicibank.com/corp/scripts/adaptiveauthentication/arcot/ca-aid-download.js, line 8: ReferenceError: ArcotClient is not defined
JavaScript warning: https://infinity.icicibank.com/corp/scripts/adaptiveauthentication/arcot/m_js/devicedna/riskminder-client.js, line 93: unreachable code after return statement
JavaScript warning: https://infinity.icicibank.com/corp/scripts/adaptiveauthentication/arcot/m_js/devicedna/riskminder-client.js, line 103: unreachable code after return statement
JavaScript warning: https://infinity.icicibank.com/corp/scripts/adaptiveauthentication/arcot/m_js/devicedna/riskminder-client.js, line 170: unreachable code after return statement
JavaScript error: https://infinity.icicibank.com/corp/AuthenticationController?FORMSGROUP_ID__=AuthenticationFG&__START_TRAN_FLAG__=Y&FG_BUTTONS__=LOAD&ACTION.LOAD=Y&AuthenticationFG.LOGIN_FLAG=1&BANK_ID=ICI&ITM=nli_personalb_personal_login_btn, line 4075: ReferenceError: RedrawAllTrees is not defined
1571278969020	Marionette	INFO	Stopped listening on port 63009
1571278971241	Marionette	INFO	Stopped listening on port 64073
1571279871082	mozrunner::runner	INFO	Running command: "/Applications/Firefox.app/Contents/MacOS/firefox-bin" "-marionette" "-private" "-foreground" "-no-remote" "-profile" "/var/folders/3g/v68mnd5s5r79tn77mmv2x4_w0000gp/T/rust_mozprofile.5F6zVyRkif0Z"
1571279872411	addons.webextension.screenshots@mozilla.org	WARN	Loading extension 'screenshots@mozilla.org': Reading manifest: Invalid extension permission: mozillaAddons
1571279872412	addons.webextension.screenshots@mozilla.org	WARN	Loading extension 'screenshots@mozilla.org': Reading manifest: Invalid extension permission: telemetry
1571279872412	addons.webextension.screenshots@mozilla.org	WARN	Loading extension 'screenshots@mozilla.org': Reading manifest: Invalid extension permission: resource://pdf.js/
1571279872412	addons.webextension.screenshots@mozilla.org	WARN	Loading extension 'screenshots@mozilla.org': Reading manifest: Invalid extension permission: about:reader*
JavaScript error: chrome://browser/content/aboutPrivateBrowsing.js, line 8: ReferenceError: RPMIsWindowPrivate is not defined
JavaScript error: resource:///modules/sessionstore/SessionStore.jsm, line 1351: uncaught exception: 2147746065
1571279877276	Marionette	INFO	Listening on port 53813
1571279877325	Marionette	WARN	TLS certificate errors will be ignored for this session
JavaScript warning: https://www.icicibank.com/assets/js/lib/nli-index-library.min.js, line 2: Using //@ to indicate sourceMappingURL pragmas is deprecated. Use //# instead
JavaScript error: https://www.icicibank.com/assets/js/main.js, line 32: ReferenceError: Notification is not defined
JavaScript error: https://www.icicibank.com/assets/js/offer-json.js, line 57: TypeError: cookieVal is undefined
JavaScript warning: https://www.icicibank.com/assets/js/lib/jquery.min.js, line 2: Using //@ to indicate sourceMappingURL pragmas is deprecated. Use //# instead
JavaScript error: https://www.googletagmanager.com/gtm.js?id=GTM-KLMZWF line 3 > eval, line 1: TypeError: a[b] is undefined
JavaScript error: https://www.googletagmanager.com/gtm.js?id=GTM-KLMZWF line 3 > eval, line 1: TypeError: a[b] is undefined
JavaScript error: https://www.icicibank.com/ipal/ipal-ad-general.page line 9775 > scriptElement, line 1: TypeError: ga.getAll is not a function
JavaScript error: https://www.icicibank.com/, line 71: TypeError: doc.getElementById(...) is null
